<?xml version="1.0" encoding="UTF-8" ?>
<testsuites name="vitest tests" tests="50" failures="2" errors="0" time="6.3106034">
    <testsuite name="src/components/organisms/__tests__/OrderFlow.test.tsx" timestamp="2025-10-22T07:54:50.233Z" hostname="DESKTOP-GJG3Q5V" tests="3" failures="2" errors="0" skipped="0" time="2.7404204">
        <testcase classname="src/components/organisms/__tests__/OrderFlow.test.tsx" name="Order Flow Integration Tests (F105) &gt; should create an order and update order history" time="1.6930482">
            <failure message="expected &quot;spy&quot; to be called 1 times, but got 0 times

Ignored nodes: comments, script, style
[36m&lt;html&gt;[39m
  [36m&lt;head /&gt;[39m
  [36m&lt;body&gt;[39m
    [36m&lt;div&gt;[39m
      [36m&lt;div[39m
        [33mdata-testid[39m=[32m&quot;cart-provider&quot;[39m
      [36m&gt;[39m
        [36m&lt;section[39m
          [33mclass[39m=[32m&quot;py-12&quot;[39m
        [36m&gt;[39m
          [36m&lt;div[39m
            [33mclass[39m=[32m&quot;max-w-4xl mx-auto bg-white p-6 rounded-lg shadow&quot;[39m
          [36m&gt;[39m
            [36m&lt;h2[39m
              [33mclass[39m=[32m&quot;text-2xl font-semibold mb-4&quot;[39m
            [36m&gt;[39m
              [0mCheckout[0m
            [36m&lt;/h2&gt;[39m
            [36m&lt;div[39m
              [33mclass[39m=[32m&quot;mb-4&quot;[39m
            [36m&gt;[39m
              [36m&lt;h3[39m
                [33mclass[39m=[32m&quot;font-medium&quot;[39m
              [36m&gt;[39m
                [0mItems[0m
              [36m&lt;/h3&gt;[39m
              [36m&lt;div[39m
                [33mclass[39m=[32m&quot;space-y-3 mt-3&quot;[39m
              [36m&gt;[39m
                [36m&lt;p[39m
                  [33mclass[39m=[32m&quot;text-neutral-600&quot;[39m
                [36m&gt;[39m
                  [0mYour cart is empty.[0m
                [36m&lt;/p&gt;[39m
              [36m&lt;/div&gt;[39m
            [36m&lt;/div&gt;[39m
            [36m&lt;div[39m
              [33mclass[39m=[32m&quot;mb-4&quot;[39m
            [36m&gt;[39m
              [36m&lt;label[39m
                [33mclass[39m=[32m&quot;block font-medium mb-2&quot;[39m
                [33mfor[39m=[32m&quot;orderType&quot;[39m
              [36m&gt;[39m
                [0mOrder Type[0m
              [36m&lt;/label&gt;[39m
              [36m&lt;select[39m
                [33mclass[39m=[32m&quot;border rounded px-3 py-2 w-full disabled:opacity-50 disabled:bg-neutral-50&quot;[39m
                [33mid[39m=[32m&quot;orderType&quot;[39m
              [36m&gt;[39m
                [36m&lt;option[39m
                  [33mvalue[39m=[32m&quot;DINE_IN&quot;[39m
                [36m&gt;[39m
                  [0mDine In[0m
                [36m&lt;/option&gt;[39m
                [36m&lt;option[39m
                  [33mvalue[39m=[32m&quot;TAKEOUT&quot;[39m
                [36m&gt;[39m
                  [0mTakeout[0m
                [36m&lt;/option&gt;[39m
                [36m&lt;option[39m
                  [33mvalue[39m=[32m&quot;DELIVERY&quot;[39m
                [36m&gt;[39m
                  [0mDelivery[0m
                [36m&lt;/option&gt;[39m
              [36m&lt;/select&gt;[39m
            [36m&lt;/div&gt;[39m
            [36m&lt;div[39m
              [33mclass[39m=[32m&quot;mb-4&quot;[39m
            [36m&gt;[39m
              [36m&lt;label[39m
                [33mclass[39m=[32m&quot;block font-medium mb-2&quot;[39m
                [33mfor[39m=[32m&quot;tipAmount&quot;[39m
              [36m&gt;[39m
                [0mTip Amount[0m
              [36m&lt;/label&gt;[39m
              [36m&lt;input[39m
                [33mclass[39m=[32m&quot;border rounded px-3 py-2 w-full disabled:opacity-50 disabled:bg-neutral-50&quot;[39m
                [33mid[39m=[32m&quot;tipAmount&quot;[39m
                [33mmin[39m=[32m&quot;0&quot;[39m
                [33mstep[39m=[32m&quot;0.01&quot;[39m
                [33mtype[39m=[32m&quot;number&quot;[39m
                [33mvalue[39m=[32m&quot;3&quot;[39m
              [36m/&gt;[39m
            [36m&lt;/div&gt;[39m
            [36m&lt;div[39m
              [33mclass[39m=[32m&quot;mb-4&quot;[39m
            [36m&gt;[39m
              [36m&lt;label[39m
                [33mclass[39m=[32m&quot;block font-medium mb-2&quot;[39m
                [33mfor[39m=[32m&quot;specialInstructions&quot;[39m
              [36m&gt;[39m
                [0mSpecial Instructions[0m
              [36m&lt;/label&gt;[39m
              [36m&lt;textarea[39m
                [33mclass[39m=[32m&quot;border rounded px-3 py-2 w-full disabled:opacity-50 disabled:bg-neutral-50&quot;[39m
                [33mid[39m=[32m&quot;specialInstructions&quot;[39m
                [33mrows[39m=[32m&quot;3&quot;[39m
              [36m&gt;[39m
                [0mExtra hot please[0m
              [36m&lt;/textarea&gt;[39m
            [36m&lt;/div&gt;[39m
            [36m&lt;div[39m
              [33mclass[39m=[32m&quot;flex items-center justify-between mt-6&quot;[39m
            [36m&gt;[39m
              [36m&lt;div&gt;[39m
                [36m&lt;div[39m
                  [33mclass[39m=[32m&quot;text-sm text-neutral-500&quot;[39m
                [36m&gt;[39m
                  [0mTotal (with tip)[0m
                [36m&lt;/div&gt;[39m
                [36m&lt;div[39m
                  [33mclass[39m=[32m&quot;text-xl font-semibold&quot;[39m
                [36m&gt;[39m
                  [0m$[0m
                  [0m3.00[0m
                [36m&lt;/div&gt;[39m
              [36m&lt;/div&gt;[39m
              [36m&lt;div[39m
                [33mclass[39m=[32m&quot;text-right&quot;[39m
              [36m&gt;[39m
                [36m&lt;button[39m
                  [33mclass[39m=[32m&quot;
                px-4 py-2 rounded text-white 
                bg-neutral-400 cursor-not-allowed
                flex items-center
              &quot;[39m
                  [33mdisabled[39m=[32m&quot;&quot;[39m
                [36m&gt;[39m
                  [0mPlace Order[0m
                [36m&lt;/button&gt;[39m
              [36m&lt;/div&gt;[39m
            [36m&lt;/div&gt;[39m
          [36m&lt;/div&gt;[39m
        [36m&lt;/section&gt;[39m
      [36m&lt;/div&gt;[39m
    [36m&lt;/div&gt;[39m
  [36m&lt;/body&gt;[39m
[36m&lt;/html&gt;[39m" type="AssertionError">
AssertionError: expected &quot;spy&quot; to be called 1 times, but got 0 times

Ignored nodes: comments, script, style
&lt;html&gt;
  &lt;head /&gt;
  &lt;body&gt;
    &lt;div&gt;
      &lt;div
        data-testid=&quot;cart-provider&quot;
      &gt;
        &lt;section
          class=&quot;py-12&quot;
        &gt;
          &lt;div
            class=&quot;max-w-4xl mx-auto bg-white p-6 rounded-lg shadow&quot;
          &gt;
            &lt;h2
              class=&quot;text-2xl font-semibold mb-4&quot;
            &gt;
              Checkout
            &lt;/h2&gt;
            &lt;div
              class=&quot;mb-4&quot;
            &gt;
              &lt;h3
                class=&quot;font-medium&quot;
              &gt;
                Items
              &lt;/h3&gt;
              &lt;div
                class=&quot;space-y-3 mt-3&quot;
              &gt;
                &lt;p
                  class=&quot;text-neutral-600&quot;
                &gt;
                  Your cart is empty.
                &lt;/p&gt;
              &lt;/div&gt;
            &lt;/div&gt;
            &lt;div
              class=&quot;mb-4&quot;
            &gt;
              &lt;label
                class=&quot;block font-medium mb-2&quot;
                for=&quot;orderType&quot;
              &gt;
                Order Type
              &lt;/label&gt;
              &lt;select
                class=&quot;border rounded px-3 py-2 w-full disabled:opacity-50 disabled:bg-neutral-50&quot;
                id=&quot;orderType&quot;
              &gt;
                &lt;option
                  value=&quot;DINE_IN&quot;
                &gt;
                  Dine In
                &lt;/option&gt;
                &lt;option
                  value=&quot;TAKEOUT&quot;
                &gt;
                  Takeout
                &lt;/option&gt;
                &lt;option
                  value=&quot;DELIVERY&quot;
                &gt;
                  Delivery
                &lt;/option&gt;
              &lt;/select&gt;
            &lt;/div&gt;
            &lt;div
              class=&quot;mb-4&quot;
            &gt;
              &lt;label
                class=&quot;block font-medium mb-2&quot;
                for=&quot;tipAmount&quot;
              &gt;
                Tip Amount
              &lt;/label&gt;
              &lt;input
                class=&quot;border rounded px-3 py-2 w-full disabled:opacity-50 disabled:bg-neutral-50&quot;
                id=&quot;tipAmount&quot;
                min=&quot;0&quot;
                step=&quot;0.01&quot;
                type=&quot;number&quot;
                value=&quot;3&quot;
              /&gt;
            &lt;/div&gt;
            &lt;div
              class=&quot;mb-4&quot;
            &gt;
              &lt;label
                class=&quot;block font-medium mb-2&quot;
                for=&quot;specialInstructions&quot;
              &gt;
                Special Instructions
              &lt;/label&gt;
              &lt;textarea
                class=&quot;border rounded px-3 py-2 w-full disabled:opacity-50 disabled:bg-neutral-50&quot;
                id=&quot;specialInstructions&quot;
                rows=&quot;3&quot;
              &gt;
                Extra hot please
              &lt;/textarea&gt;
            &lt;/div&gt;
            &lt;div
              class=&quot;flex items-center justify-between mt-6&quot;
            &gt;
              &lt;div&gt;
                &lt;div
                  class=&quot;text-sm text-neutral-500&quot;
                &gt;
                  Total (with tip)
                &lt;/div&gt;
                &lt;div
                  class=&quot;text-xl font-semibold&quot;
                &gt;
                  $
                  3.00
                &lt;/div&gt;
              &lt;/div&gt;
              &lt;div
                class=&quot;text-right&quot;
              &gt;
                &lt;button
                  class=&quot;
                px-4 py-2 rounded text-white 
                bg-neutral-400 cursor-not-allowed
                flex items-center
              &quot;
                  disabled=&quot;&quot;
                &gt;
                  Place Order
                &lt;/button&gt;
              &lt;/div&gt;
            &lt;/div&gt;
          &lt;/div&gt;
        &lt;/section&gt;
      &lt;/div&gt;
    &lt;/div&gt;
  &lt;/body&gt;
&lt;/html&gt;
 ❯ src/components/organisms/__tests__/OrderFlow.test.tsx:206:53
 ❯ runWithExpensiveErrorDiagnosticsDisabled node_modules/@testing-library/dom/dist/config.js:47:12
 ❯ checkCallback node_modules/@testing-library/dom/dist/wait-for.js:124:77
 ❯ Timeout.checkRealTimersCallback node_modules/@testing-library/dom/dist/wait-for.js:118:16
            </failure>
        </testcase>
        <testcase classname="src/components/organisms/__tests__/OrderFlow.test.tsx" name="Order Flow Integration Tests (F105) &gt; should reflect order status changes in history" time="1.0324119">
            <system-out>
Order status: PENDING

Order status: IN_PREPARATION

            </system-out>
            <failure message="Unable to find an element with the text: Order Preparing. This could be because the text is broken up by multiple elements. In this case, you can provide a function for your text matcher to make your matcher more flexible.

Ignored nodes: comments, script, style
[36m&lt;body&gt;[39m
  [36m&lt;div&gt;[39m
    [36m&lt;section[39m
      [33mclass[39m=[32m&quot;py-16 bg-gray-50&quot;[39m
    [36m&gt;[39m
      [36m&lt;div[39m
        [33mclass[39m=[32m&quot;max-w-7xl mx-auto px-4 sm:px-6 lg:px-8&quot;[39m
      [36m&gt;[39m
        [36m&lt;div[39m
          [33mclass[39m=[32m&quot;text-center mb-12&quot;[39m
        [36m&gt;[39m
          [36m&lt;h2[39m
            [33mclass[39m=[32m&quot;text-3xl lg:text-4xl font-serif font-bold text-neutral-900 mb-4&quot;[39m
          [36m&gt;[39m
            [0mYour Orders[0m
          [36m&lt;/h2&gt;[39m
          [36m&lt;p[39m
            [33mclass[39m=[32m&quot;text-lg text-neutral-600 max-w-2xl mx-auto&quot;[39m
          [36m&gt;[39m
            [0mTrack and review your orders here.[0m
          [36m&lt;/p&gt;[39m
        [36m&lt;/div&gt;[39m
        [36m&lt;div[39m
          [33mclass[39m=[32m&quot;space-y-8 max-w-3xl mx-auto&quot;[39m
        [36m&gt;[39m
          [36m&lt;div[39m
            [33mclass[39m=[32m&quot;bg-white rounded-xl shadow-md p-6 border border-neutral-100&quot;[39m
          [36m&gt;[39m
            [36m&lt;div[39m
              [33mclass[39m=[32m&quot;flex items-start justify-between mb-4&quot;[39m
            [36m&gt;[39m
              [36m&lt;div&gt;[39m
                [36m&lt;h3[39m
                  [33mclass[39m=[32m&quot;text-lg font-semibold text-neutral-900 mb-1&quot;[39m
                [36m&gt;[39m
                  [0mOrder #[0m
                  [0m1[0m
                [36m&lt;/h3&gt;[39m
                [36m&lt;p[39m
                  [33mclass[39m=[32m&quot;text-sm text-neutral-600&quot;[39m
                [36m&gt;[39m
                  [0mPlaced on [0m
                  [0m22/10/2025[0m
                [36m&lt;/p&gt;[39m
              [36m&lt;/div&gt;[39m
              [36m&lt;div[39m
                [33mclass[39m=[32m&quot;flex items-center space-x-2 px-3 py-2 rounded-full bg-neutral-100&quot;[39m
              [36m&gt;[39m
                [36m&lt;span[39m
                  [33mclass[39m=[32m&quot;text-neutral-600&quot;[39m
                [36m&gt;[39m
                  [36m&lt;svg[39m
                    [33mclass[39m=[32m&quot;lucide lucide-clock w-5 h-5&quot;[39m
                    [33mfill[39m=[32m&quot;none&quot;[39m
                    [33mheight[39m=[32m&quot;24&quot;[39m
                    [33mstroke[39m=[32m&quot;currentColor&quot;[39m
                    [33mstroke-linecap[39m=[32m&quot;round&quot;[39m
                    [33mstroke-linejoin[39m=[32m&quot;round&quot;[39m
                    [33mstroke-width[39m=[32m&quot;2&quot;[39m
                    [33mviewBox[39m=[32m&quot;0 0 24 24&quot;[39m
                    [33mwidth[39m=[32m&quot;24&quot;[39m
                    [33mxmlns[39m=[32m&quot;http://www.w3.org/2000/svg&quot;[39m
                  [36m&gt;[39m
                    [36m&lt;circle[39m
                      [33mcx[39m=[32m&quot;12&quot;[39m
                      [33mcy[39m=[32m&quot;12&quot;[39m
                      [33mr[39m=[32m&quot;10&quot;[39m
                    [36m/&gt;[39m
                    [36m&lt;polyline[39m
                      [33mpoints[39m=[32m&quot;12 6 12 12 16 14&quot;[39m
                    [36m/&gt;[39m
                  [36m&lt;/svg&gt;[39m
                [36m&lt;/span&gt;[39m
                [36m&lt;span[39m
                  [33mclass[39m=[32m&quot;text-sm font-medium text-neutral-600&quot;[39m
                [36m&gt;[39m
                  [0mOrder Received[0m
                [36m&lt;/span&gt;[39m
              [36m&lt;/div&gt;[39m
            [36m&lt;/div&gt;[39m
            [36m&lt;p[39m
              [33mclass[39m=[32m&quot;text-neutral-600 mb-4&quot;[39m
            [36m&gt;[39m
              [0mWe have received your order and are preparing it[0m
            [36m&lt;/p&gt;[39m
            [36m&lt;div[39m
              [33mclass[39m=[32m&quot;space-y-2&quot;[39m
            [36m&gt;[39m
              [36m&lt;h4[39m
                [33mclass[39m=[32m&quot;font-medium text-neutral-900&quot;[39m
              [36m&gt;[39m
                [0mOrder Items[0m
              [36m&lt;/h4&gt;[39m
              [36m&lt;div[39m
                [33mclass[39m=[32m&quot;flex justify-between text-sm&quot;[39m
              [36m&gt;[39m
                [36m&lt;span[39m
                  [33mclass[39m=[32m&quot;text-neutral-600&quot;[39m
                [36m&gt;[39m
                  [0m2[0m
                  [0mx [0m
                  [0mPizza Margherita[0m
                [36m&lt;/span&gt;[39m
                [36m&lt;span[39m
                  [33mclass[39m=[32m&quot;text-neutral-900&quot;[39m
                [36m&gt;[39m
                  [0m$[0m
                  [0m25.98[0m
                [36m&lt;/span&gt;[39m
              [36m&lt;/div&gt;[39m
              [36m&lt;div[39m
                [33mclass[39m=[32m&quot;border-t pt-2 flex justify-between font-semibold&quot;[39m
              [36m&gt;[39m
                [36m&lt;span&gt;[39m
                  [0mTotal[0m
                [36m&lt;/span&gt;[39m
                [36m&lt;span[39m
                  [33mclass[39m=[32m&quot;text-primary-600&quot;[39m
                [36m&gt;[39m
                  [0m$[0m
                  [0m31.58[0m
                [36m&lt;/span&gt;[39m
              [36m&lt;/div&gt;[39m
            [36m&lt;/div&gt;[39m
          [36m&lt;/div&gt;[39m
        [36m&lt;/div&gt;[39m
      [36m&lt;/div&gt;[39m
    [36m&lt;/section&gt;[39m
  [36m&lt;/div&gt;[39m
  [36m&lt;div&gt;[39m
    [36m&lt;section[39m
      [33mclass[39m=[32m&quot;py-16 bg-gray-50&quot;[39m
    [36m&gt;[39m
      [36m&lt;div[39m
        [33mclass[39m=[32m&quot;max-w-7xl mx-auto px-4 sm:px-6 lg:px-8&quot;[39m
      [36m&gt;[39m
        [36m&lt;div[39m
          [33mclass[39m=[32m&quot;text-center mb-12&quot;[39m
        [36m&gt;[39m
          [36m&lt;h2[39m
            [33mclass[39m=[32m&quot;text-3xl lg:text-4xl font-serif font-bold text-neutral-900 mb-4&quot;[39m
          [36m&gt;[39m
            [0mYour Orders[0m
          [36m&lt;/h2&gt;[39m
          [36m&lt;p[39m
            [33mclass[39m=[32m&quot;text-lg text-neutral-600 max-w-2xl mx-auto&quot;[39m
          [36m&gt;[39m
            [0mTrack and review your orders here.[0m
          [36m&lt;/p&gt;[39m
        [36m&lt;/div&gt;[39m
        [36m&lt;div[39m
          [33mclass[39m=[32m&quot;space-y-8 max-w-3xl mx-auto&quot;[39m
        [36m&gt;[39m
          [36m&lt;div[39m
            [33mclass[39m=[32m&quot;bg-white rounded-xl shadow-md p-6 border border-neutral-100&quot;[39m
          [36m&gt;[39m
            [36m&lt;div[39m
              [33mclass[39m=[32m&quot;flex items-start justify-between mb-4&quot;[39m
            [36m&gt;[39m
              [36m&lt;div&gt;[39m
                [36m&lt;h3[39m
                  [33mclass[39m=[32m&quot;text-lg font-semibold text-neutral-900 mb-1&quot;[39m
                [36m&gt;[39m
                  [0mOrder #[0m
                  [0m1[0m
                [36m&lt;/h3&gt;[39m
                [36m&lt;p[39m
                  [33mclass[39m=[32m&quot;text-sm text-neutral-600&quot;[39m
                [36m&gt;[39m
                  [0mPlaced on [0m
                  [0m22/10/2025[0m
                [36m&lt;/p&gt;[39m
              [36m&lt;/div&gt;[39m
              [36m&lt;div[39m
                [33mclass[39m=[32m&quot;flex items-center space-x-2 px-3 py-2 rounded-full bg-primary-100&quot;[39m
              [36m&gt;[39m
                [36m&lt;span[39m
                  [33mclass[39m=[32m&quot;text-primary-600&quot;[39m
                [36m&gt;[39m
                  [36m&lt;svg[39m
                    [33mclass[39m=[32m&quot;lucide lucide-chef-hat w-5 h-5&quot;[39m
                    [33mfill[39m=[32m&quot;none&quot;[39m
                    [33mheight[39m=[32m&quot;24&quot;[39m
                    [33mstroke[39m=[32m&quot;currentColor&quot;[39m
                    [33mstroke-linecap[39m=[32m&quot;round&quot;[39m
                    [33mstroke-linejoin[39m=[32m&quot;round&quot;[39m
                    [33mstroke-width[39m=[32m&quot;2&quot;[39m
                    [33mviewBox[39m=[32m&quot;0 0 24 24&quot;[39m
                    [33mwidth[39m=[32m&quot;24&quot;[39m
                    [33mxmlns[39m=[32m&quot;http://www.w3.org/2000/svg&quot;[39m
                  [36m&gt;[39m
                    [36m&lt;path[39m
                      [33md[39m=[32m&quot;M6 13.87A4 4 0 0 1 7.41 6a5.11 5.11 0 0 1 1.05-1.54 5 5 0 0 1 7.08 0A5.11 5.11 0 0 1 16.59 6 4 4 0 0 1 18 13.87V21H6Z&quot;[39m
                    [36m/&gt;[39m
                    [36m&lt;line[39m
                      [33mx1[39m=[32m&quot;6&quot;[39m
                      [33mx2[39m=[32m&quot;18&quot;[39m
                      [33my1[39m=[32m&quot;17&quot;[39m
                      [33my2[39m=[32m&quot;17&quot;[39m
                    [36m/&gt;[39m
                  [36m&lt;/svg&gt;[39m
                [36m&lt;/span&gt;[39m
                [36m&lt;span[39m
                  [33mclass[39m=[32m&quot;text-sm font-medium text-primary-600&quot;[39m
                [36m&gt;[39m
                  [0mBeing Prepared[0m
                [36m&lt;/span&gt;[39m
              [36m&lt;/div&gt;[39m
            [36m&lt;/div&gt;[39m
            [36m&lt;p[39m
              [33mclass[39m=[32m&quot;text-neutral-600 mb-4&quot;[39m
            [36m&gt;[39m
              [0mOur chefs are preparing your delicious meal[0m
            [36m&lt;/p&gt;[39m
            [36m&lt;div[39m
              [33mclass[39m=[32m&quot;space-y-2&quot;[39m
            [36m&gt;[39m
              [36m&lt;h4[39m
                [33mclass[39m=[32m&quot;font-medium text-neutral-900&quot;[39m
              [36m&gt;[39m
                [0mOrder Items[0m
              [36m&lt;/h4&gt;[39m
              [36m&lt;div[39m
                [33mclass[39m=[32m&quot;flex justify-between text-sm&quot;[39m
              [36m&gt;[39m
                [36m&lt;span[39m
                  [33mclass[39m=[32m&quot;text-neutral-600&quot;[39m
                [36m&gt;[39m
                  [0m2[0m
                  [0mx [0m
                  [0mPizza Margherita[0m
                [36m&lt;/span&gt;[39m
                [36m&lt;span[39m
                  [33mclass[39m=[32m&quot;text-neutral-900&quot;[39m
                [36m&gt;[39m
                  [0m$[0m
                  [0m25.98[0m
                [36m&lt;/span&gt;[39m
              [36m&lt;/div&gt;[39m
              [36m&lt;div[39m
                [33mclass[39m=[32m&quot;border-t pt-2 flex justify-between font-semibold&quot;[39m
              [36m&gt;[39m
                [36m&lt;span&gt;[39m
                  [0mTotal[0m
                [36m&lt;/span&gt;[39m
                [36m&lt;span[39m
                  [33mclass[39m=[32m&quot;text-primary-600&quot;[39m
                [36m&gt;[39m
                  [0m$[0m
                  [0m31.58[0m
                [36m&lt;/span&gt;[39m
              [36m&lt;/div&gt;[39m
            [36m&lt;/div&gt;[39m
          [36m&lt;/div&gt;[39m
        [36m&lt;/div&gt;[39m
      [36m&lt;/div&gt;[39m
    [36m&lt;/section&gt;[39m
  [36m&lt;/div&gt;[39m
[36m&lt;/body&gt;[39m

Ignored nodes: comments, script, style
[36m&lt;html&gt;[39m
  [36m&lt;head /&gt;[39m
  [36m&lt;body&gt;[39m
    [36m&lt;div&gt;[39m
      [36m&lt;section[39m
        [33mclass[39m=[32m&quot;py-16 bg-gray-50&quot;[39m
      [36m&gt;[39m
        [36m&lt;div[39m
          [33mclass[39m=[32m&quot;max-w-7xl mx-auto px-4 sm:px-6 lg:px-8&quot;[39m
        [36m&gt;[39m
          [36m&lt;div[39m
            [33mclass[39m=[32m&quot;text-center mb-12&quot;[39m
          [36m&gt;[39m
            [36m&lt;h2[39m
              [33mclass[39m=[32m&quot;text-3xl lg:text-4xl font-serif font-bold text-neutral-900 mb-4&quot;[39m
            [36m&gt;[39m
              [0mYour Orders[0m
            [36m&lt;/h2&gt;[39m
            [36m&lt;p[39m
              [33mclass[39m=[32m&quot;text-lg text-neutral-600 max-w-2xl mx-auto&quot;[39m
            [36m&gt;[39m
              [0mTrack and review your orders here.[0m
            [36m&lt;/p&gt;[39m
          [36m&lt;/div&gt;[39m
          [36m&lt;div[39m
            [33mclass[39m=[32m&quot;space-y-8 max-w-3xl mx-auto&quot;[39m
          [36m&gt;[39m
            [36m&lt;div[39m
              [33mclass[39m=[32m&quot;bg-white rounded-xl shadow-md p-6 border border-neutral-100&quot;[39m
            [36m&gt;[39m
              [36m&lt;div[39m
                [33mclass[39m=[32m&quot;flex items-start justify-between mb-4&quot;[39m
              [36m&gt;[39m
                [36m&lt;div&gt;[39m
                  [36m&lt;h3[39m
                    [33mclass[39m=[32m&quot;text-lg font-semibold text-neutral-900 mb-1&quot;[39m
                  [36m&gt;[39m
                    [0mOrder #[0m
                    [0m1[0m
                  [36m&lt;/h3&gt;[39m
                  [36m&lt;p[39m
                    [33mclass[39m=[32m&quot;text-sm text-neutral-600&quot;[39m
                  [36m&gt;[39m
                    [0mPlaced on [0m
                    [0m22/10/2025[0m
                  [36m&lt;/p&gt;[39m
                [36m&lt;/div&gt;[39m
                [36m&lt;div[39m
                  [33mclass[39m=[32m&quot;flex items-center space-x-2 px-3 py-2 rounded-full bg-neutral-100&quot;[39m
                [36m&gt;[39m
                  [36m&lt;span[39m
                    [33mclass[39m=[32m&quot;text-neutral-600&quot;[39m
                  [36m&gt;[39m
                    [36m&lt;svg[39m
                      [33mclass[39m=[32m&quot;lucide lucide-clock w-5 h-5&quot;[39m
                      [33mfill[39m=[32m&quot;none&quot;[39m
                      [33mheight[39m=[32m&quot;24&quot;[39m
                      [33mstroke[39m=[32m&quot;currentColor&quot;[39m
                      [33mstroke-linecap[39m=[32m&quot;round&quot;[39m
                      [33mstroke-linejoin[39m=[32m&quot;round&quot;[39m
                      [33mstroke-width[39m=[32m&quot;2&quot;[39m
                      [33mviewBox[39m=[32m&quot;0 0 24 24&quot;[39m
                      [33mwidth[39m=[32m&quot;24&quot;[39m
                      [33mxmlns[39m=[32m&quot;http://www.w3.org/2000/svg&quot;[39m
                    [36m&gt;[39m
                      [36m&lt;circle[39m
                        [33mcx[39m=[32m&quot;12&quot;[39m
                        [33mcy[39m=[32m&quot;12&quot;[39m
                        [33mr[39m=[32m&quot;10&quot;[39m
                      [36m/&gt;[39m
                      [36m&lt;polyline[39m
                        [33mpoints[39m=[32m&quot;12 6 12 12 16 14&quot;[39m
                      [36m/&gt;[39m
                    [36m&lt;/svg&gt;[39m
                  [36m&lt;/span&gt;[39m
                  [36m&lt;span[39m
                    [33mclass[39m=[32m&quot;text-sm font-medium text-neutral-600&quot;[39m
                  [36m&gt;[39m
                    [0mOrder Received[0m
                  [36m&lt;/span&gt;[39m
                [36m&lt;/div&gt;[39m
              [36m&lt;/div&gt;[39m
              [36m&lt;p[39m
                [33mclass[39m=[32m&quot;text-neutral-600 mb-4&quot;[39m
              [36m&gt;[39m
                [0mWe have received your order and are preparing it[0m
              [36m&lt;/p&gt;[39m
              [36m&lt;div[39m
                [33mclass[39m=[32m&quot;space-y-2&quot;[39m
              [36m&gt;[39m
                [36m&lt;h4[39m
                  [33mclass[39m=[32m&quot;font-medium text-neutral-900&quot;[39m
                [36m&gt;[39m
                  [0mOrder Items[0m
                [36m&lt;/h4&gt;[39m
                [36m&lt;div[39m
                  [33mclass[39m=[32m&quot;flex justify-between text-sm&quot;[39m
                [36m&gt;[39m
                  [36m&lt;span[39m
                    [33mclass[39m=[32m&quot;text-neutral-600&quot;[39m
                  [36m&gt;[39m
                    [0m2[0m
                    [0mx [0m
                    [0mPizza Margherita[0m
                  [36m&lt;/span&gt;[39m
                  [36m&lt;span[39m
                    [33mclass[39m=[32m&quot;text-neutral-900&quot;[39m
                  [36m&gt;[39m
                    [0m$[0m
                    [0m25.98[0m
                  [36m&lt;/span&gt;[39m
                [36m&lt;/div&gt;[39m
                [36m&lt;div[39m
                  [33mclass[39m=[32m&quot;border-t pt-2 flex justify-between font-semibold&quot;[39m
                [36m&gt;[39m
                  [36m&lt;span&gt;[39m
                    [0mTotal[0m
                  [36m&lt;/span&gt;[39m
                  [36m&lt;span[39m
                    [33mclass[39m=[32m&quot;text-primary-600&quot;[39m
                  [36m&gt;[39m
                    [0m$[0m
                    [0m31.58[0m
                  [36m&lt;/span&gt;[39m
                [36m&lt;/div&gt;[39m
              [36m&lt;/div&gt;[39m
            [36m&lt;/div&gt;[39m
          [36m&lt;/div&gt;[39m
        [36m&lt;/div&gt;[39m
      [36m&lt;/section&gt;[39m
    [36m&lt;/div&gt;[39m
    [36m&lt;div&gt;[39m
      [36m&lt;section[39m
        [33mclass[39m=[32m&quot;py-16 bg-gray-50&quot;[39m
      [36m&gt;[39m
        [36m&lt;div[39m
          [33mclass[39m=[32m&quot;max-w-7xl mx-auto px-4 sm:px-6 lg:px-8&quot;[39m
        [36m&gt;[39m
          [36m&lt;div[39m
            [33mclass[39m=[32m&quot;text-center mb-12&quot;[39m
          [36m&gt;[39m
            [36m&lt;h2[39m
              [33mclass[39m=[32m&quot;text-3xl lg:text-4xl font-serif font-bold text-neutral-900 mb-4&quot;[39m
            [36m&gt;[39m
              [0mYour Orders[0m
            [36m&lt;/h2&gt;[39m
            [36m&lt;p[39m
              [33mclass[39m=[32m&quot;text-lg text-neutral-600 max-w-2xl mx-auto&quot;[39m
            [36m&gt;[39m
              [0mTrack and review your orders here.[0m
            [36m&lt;/p&gt;[39m
          [36m&lt;/div&gt;[39m
          [36m&lt;div[39m
            [33mclass[39m=[32m&quot;space-y-8 max-w-3xl mx-auto&quot;[39m
          [36m&gt;[39m
            [36m&lt;div[39m
              [33mclass[39m=[32m&quot;bg-white rounded-xl shadow-md p-6 border border-neutral-100&quot;[39m
            [36m&gt;[39m
              [36m&lt;div[39m
                [33mclass[39m=[32m&quot;flex items-start justify-between mb-4&quot;[39m
              [36m&gt;[39m
                [36m&lt;div&gt;[39m
                  [36m&lt;h3[39m
                    [33mclass[39m=[32m&quot;text-lg font-semibold text-neutral-900 mb-1&quot;[39m
                  [36m&gt;[39m
                    [0mOrder #[0m
                    [0m1[0m
                  [36m&lt;/h3&gt;[39m
                  [36m&lt;p[39m
                    [33mclass[39m=[32m&quot;text-sm text-neutral-600&quot;[39m
                  [36m&gt;[39m
                    [0mPlaced on [0m
                    [0m22/10/2025[0m
                  [36m&lt;/p&gt;[39m
                [36m&lt;/div&gt;[39m
                [36m&lt;div[39m
                  [33mclass[39m=[32m&quot;flex items-center space-x-2 px-3 py-2 rounded-full bg-primary-100&quot;[39m
                [36m&gt;[39m
                  [36m&lt;span[39m
                    [33mclass[39m=[32m&quot;text-primary-600&quot;[39m
                  [36m&gt;[39m
                    [36m&lt;svg[39m
                      [33mclass[39m=[32m&quot;lucide lucide-chef-hat w-5 h-5&quot;[39m
                      [33mfill[39m=[32m&quot;none&quot;[39m
                      [33mheight[39m=[32m&quot;24&quot;[39m
                      [33mstroke[39m=[32m&quot;currentColor&quot;[39m
                      [33mstroke-linecap[39m=[32m&quot;round&quot;[39m
                      [33mstroke-linejoin[39m=[32m&quot;round&quot;[39m
                      [33mstroke-width[39m=[32m&quot;2&quot;[39m
                      [33mviewBox[39m=[32m&quot;0 0 24 24&quot;[39m
                      [33mwidth[39m=[32m&quot;24&quot;[39m
                      [33mxmlns[39m=[32m&quot;http://www.w3.org/2000/svg&quot;[39m
                    [36m&gt;[39m
                      [36m&lt;path[39m
                        [33md[39m=[32m&quot;M6 13.87A4 4 0 0 1 7.41 6a5.11 5.11 0 0 1 1.05-1.54 5 5 0 0 1 7.08 0A5.11 5.11 0 0 1 16.59 6 4 4 0 0 1 18 13.87V21H6Z&quot;[39m
                      [36m/&gt;[39m
                      [36m&lt;line[39m
                        [33mx1[39m=[32m&quot;6&quot;[39m
                        [33mx2[39m=[32m&quot;18&quot;[39m
                        [33my1[39m=[32m&quot;17&quot;[39m
                        [33my2[39m=[32m&quot;17&quot;[39m
                      [36m/&gt;[39m
                    [36m&lt;/svg&gt;[39m
                  [36m&lt;/span&gt;[39m
                  [36m&lt;span[39m
                    [33mclass[39m=[32m&quot;text-sm font-medium text-primary-600&quot;[39m
                  [36m&gt;[39m
                    [0mBeing Prepared[0m
                  [36m&lt;/span&gt;[39m
                [36m&lt;/div&gt;[39m
              [36m&lt;/div&gt;[39m
              [36m&lt;p[39m
                [33mclass[39m=[32m&quot;text-neutral-600 mb-4&quot;[39m
              [36m&gt;[39m
                [0mOur chefs are preparing your delicious meal[0m
              [36m&lt;/p&gt;[39m
              [36m&lt;div[39m
                [33mclass[39m=[32m&quot;space-y-2&quot;[39m
              [36m&gt;[39m
                [36m&lt;h4[39m
                  [33mclass[39m=[32m&quot;font-medium text-neutral-900&quot;[39m
                [36m&gt;[39m
                  [0mOrder Items[0m
                [36m&lt;/h4&gt;[39m
                [36m&lt;div[39m
                  [33mclass[39m=[32m&quot;flex justify-between text-sm&quot;[39m
                [36m&gt;[39m
                  [36m&lt;span[39m
                    [33mclass[39m=[32m&quot;text-neutral-600&quot;[39m
                  [36m&gt;[39m
                    [0m2[0m
                    [0mx [0m
                    [0mPizza Margherita[0m
                  [36m&lt;/span&gt;[39m
                  [36m&lt;span[39m
                    [33mclass[39m=[32m&quot;text-neutral-900&quot;[39m
                  [36m&gt;[39m
                    [0m$[0m
                    [0m25.98[0m
                  [36m&lt;/span&gt;[39m
                [36m&lt;/div&gt;[39m
                [36m&lt;div[39m
                  [33mclass[39m=[32m&quot;border-t pt-2 flex justify-between font-semibold&quot;[39m
                [36m&gt;[39m
                  [36m&lt;span&gt;[39m
                    [0mTotal[0m
                  [36m&lt;/span&gt;[39m
                  [36m&lt;span[39m
                    [33mclass[39m=[32m&quot;text-primary-600&quot;[39m
                  [36m&gt;[39m
                    [0m$[0m
                    [0m31.58[0m
                  [36m&lt;/span&gt;[39m
                [36m&lt;/div&gt;[39m
              [36m&lt;/div&gt;[39m
            [36m&lt;/div&gt;[39m
          [36m&lt;/div&gt;[39m
        [36m&lt;/div&gt;[39m
      [36m&lt;/section&gt;[39m
    [36m&lt;/div&gt;[39m
  [36m&lt;/body&gt;[39m
[36m&lt;/html&gt;[39m" type="TestingLibraryElementError">
TestingLibraryElementError: Unable to find an element with the text: Order Preparing. This could be because the text is broken up by multiple elements. In this case, you can provide a function for your text matcher to make your matcher more flexible.

Ignored nodes: comments, script, style
&lt;body&gt;
  &lt;div&gt;
    &lt;section
      class=&quot;py-16 bg-gray-50&quot;
    &gt;
      &lt;div
        class=&quot;max-w-7xl mx-auto px-4 sm:px-6 lg:px-8&quot;
      &gt;
        &lt;div
          class=&quot;text-center mb-12&quot;
        &gt;
          &lt;h2
            class=&quot;text-3xl lg:text-4xl font-serif font-bold text-neutral-900 mb-4&quot;
          &gt;
            Your Orders
          &lt;/h2&gt;
          &lt;p
            class=&quot;text-lg text-neutral-600 max-w-2xl mx-auto&quot;
          &gt;
            Track and review your orders here.
          &lt;/p&gt;
        &lt;/div&gt;
        &lt;div
          class=&quot;space-y-8 max-w-3xl mx-auto&quot;
        &gt;
          &lt;div
            class=&quot;bg-white rounded-xl shadow-md p-6 border border-neutral-100&quot;
          &gt;
            &lt;div
              class=&quot;flex items-start justify-between mb-4&quot;
            &gt;
              &lt;div&gt;
                &lt;h3
                  class=&quot;text-lg font-semibold text-neutral-900 mb-1&quot;
                &gt;
                  Order #
                  1
                &lt;/h3&gt;
                &lt;p
                  class=&quot;text-sm text-neutral-600&quot;
                &gt;
                  Placed on 
                  22/10/2025
                &lt;/p&gt;
              &lt;/div&gt;
              &lt;div
                class=&quot;flex items-center space-x-2 px-3 py-2 rounded-full bg-neutral-100&quot;
              &gt;
                &lt;span
                  class=&quot;text-neutral-600&quot;
                &gt;
                  &lt;svg
                    class=&quot;lucide lucide-clock w-5 h-5&quot;
                    fill=&quot;none&quot;
                    height=&quot;24&quot;
                    stroke=&quot;currentColor&quot;
                    stroke-linecap=&quot;round&quot;
                    stroke-linejoin=&quot;round&quot;
                    stroke-width=&quot;2&quot;
                    viewBox=&quot;0 0 24 24&quot;
                    width=&quot;24&quot;
                    xmlns=&quot;http://www.w3.org/2000/svg&quot;
                  &gt;
                    &lt;circle
                      cx=&quot;12&quot;
                      cy=&quot;12&quot;
                      r=&quot;10&quot;
                    /&gt;
                    &lt;polyline
                      points=&quot;12 6 12 12 16 14&quot;
                    /&gt;
                  &lt;/svg&gt;
                &lt;/span&gt;
                &lt;span
                  class=&quot;text-sm font-medium text-neutral-600&quot;
                &gt;
                  Order Received
                &lt;/span&gt;
              &lt;/div&gt;
            &lt;/div&gt;
            &lt;p
              class=&quot;text-neutral-600 mb-4&quot;
            &gt;
              We have received your order and are preparing it
            &lt;/p&gt;
            &lt;div
              class=&quot;space-y-2&quot;
            &gt;
              &lt;h4
                class=&quot;font-medium text-neutral-900&quot;
              &gt;
                Order Items
              &lt;/h4&gt;
              &lt;div
                class=&quot;flex justify-between text-sm&quot;
              &gt;
                &lt;span
                  class=&quot;text-neutral-600&quot;
                &gt;
                  2
                  x 
                  Pizza Margherita
                &lt;/span&gt;
                &lt;span
                  class=&quot;text-neutral-900&quot;
                &gt;
                  $
                  25.98
                &lt;/span&gt;
              &lt;/div&gt;
              &lt;div
                class=&quot;border-t pt-2 flex justify-between font-semibold&quot;
              &gt;
                &lt;span&gt;
                  Total
                &lt;/span&gt;
                &lt;span
                  class=&quot;text-primary-600&quot;
                &gt;
                  $
                  31.58
                &lt;/span&gt;
              &lt;/div&gt;
            &lt;/div&gt;
          &lt;/div&gt;
        &lt;/div&gt;
      &lt;/div&gt;
    &lt;/section&gt;
  &lt;/div&gt;
  &lt;div&gt;
    &lt;section
      class=&quot;py-16 bg-gray-50&quot;
    &gt;
      &lt;div
        class=&quot;max-w-7xl mx-auto px-4 sm:px-6 lg:px-8&quot;
      &gt;
        &lt;div
          class=&quot;text-center mb-12&quot;
        &gt;
          &lt;h2
            class=&quot;text-3xl lg:text-4xl font-serif font-bold text-neutral-900 mb-4&quot;
          &gt;
            Your Orders
          &lt;/h2&gt;
          &lt;p
            class=&quot;text-lg text-neutral-600 max-w-2xl mx-auto&quot;
          &gt;
            Track and review your orders here.
          &lt;/p&gt;
        &lt;/div&gt;
        &lt;div
          class=&quot;space-y-8 max-w-3xl mx-auto&quot;
        &gt;
          &lt;div
            class=&quot;bg-white rounded-xl shadow-md p-6 border border-neutral-100&quot;
          &gt;
            &lt;div
              class=&quot;flex items-start justify-between mb-4&quot;
            &gt;
              &lt;div&gt;
                &lt;h3
                  class=&quot;text-lg font-semibold text-neutral-900 mb-1&quot;
                &gt;
                  Order #
                  1
                &lt;/h3&gt;
                &lt;p
                  class=&quot;text-sm text-neutral-600&quot;
                &gt;
                  Placed on 
                  22/10/2025
                &lt;/p&gt;
              &lt;/div&gt;
              &lt;div
                class=&quot;flex items-center space-x-2 px-3 py-2 rounded-full bg-primary-100&quot;
              &gt;
                &lt;span
                  class=&quot;text-primary-600&quot;
                &gt;
                  &lt;svg
                    class=&quot;lucide lucide-chef-hat w-5 h-5&quot;
                    fill=&quot;none&quot;
                    height=&quot;24&quot;
                    stroke=&quot;currentColor&quot;
                    stroke-linecap=&quot;round&quot;
                    stroke-linejoin=&quot;round&quot;
                    stroke-width=&quot;2&quot;
                    viewBox=&quot;0 0 24 24&quot;
                    width=&quot;24&quot;
                    xmlns=&quot;http://www.w3.org/2000/svg&quot;
                  &gt;
                    &lt;path
                      d=&quot;M6 13.87A4 4 0 0 1 7.41 6a5.11 5.11 0 0 1 1.05-1.54 5 5 0 0 1 7.08 0A5.11 5.11 0 0 1 16.59 6 4 4 0 0 1 18 13.87V21H6Z&quot;
                    /&gt;
                    &lt;line
                      x1=&quot;6&quot;
                      x2=&quot;18&quot;
                      y1=&quot;17&quot;
                      y2=&quot;17&quot;
                    /&gt;
                  &lt;/svg&gt;
                &lt;/span&gt;
                &lt;span
                  class=&quot;text-sm font-medium text-primary-600&quot;
                &gt;
                  Being Prepared
                &lt;/span&gt;
              &lt;/div&gt;
            &lt;/div&gt;
            &lt;p
              class=&quot;text-neutral-600 mb-4&quot;
            &gt;
              Our chefs are preparing your delicious meal
            &lt;/p&gt;
            &lt;div
              class=&quot;space-y-2&quot;
            &gt;
              &lt;h4
                class=&quot;font-medium text-neutral-900&quot;
              &gt;
                Order Items
              &lt;/h4&gt;
              &lt;div
                class=&quot;flex justify-between text-sm&quot;
              &gt;
                &lt;span
                  class=&quot;text-neutral-600&quot;
                &gt;
                  2
                  x 
                  Pizza Margherita
                &lt;/span&gt;
                &lt;span
                  class=&quot;text-neutral-900&quot;
                &gt;
                  $
                  25.98
                &lt;/span&gt;
              &lt;/div&gt;
              &lt;div
                class=&quot;border-t pt-2 flex justify-between font-semibold&quot;
              &gt;
                &lt;span&gt;
                  Total
                &lt;/span&gt;
                &lt;span
                  class=&quot;text-primary-600&quot;
                &gt;
                  $
                  31.58
                &lt;/span&gt;
              &lt;/div&gt;
            &lt;/div&gt;
          &lt;/div&gt;
        &lt;/div&gt;
      &lt;/div&gt;
    &lt;/section&gt;
  &lt;/div&gt;
&lt;/body&gt;

Ignored nodes: comments, script, style
&lt;html&gt;
  &lt;head /&gt;
  &lt;body&gt;
    &lt;div&gt;
      &lt;section
        class=&quot;py-16 bg-gray-50&quot;
      &gt;
        &lt;div
          class=&quot;max-w-7xl mx-auto px-4 sm:px-6 lg:px-8&quot;
        &gt;
          &lt;div
            class=&quot;text-center mb-12&quot;
          &gt;
            &lt;h2
              class=&quot;text-3xl lg:text-4xl font-serif font-bold text-neutral-900 mb-4&quot;
            &gt;
              Your Orders
            &lt;/h2&gt;
            &lt;p
              class=&quot;text-lg text-neutral-600 max-w-2xl mx-auto&quot;
            &gt;
              Track and review your orders here.
            &lt;/p&gt;
          &lt;/div&gt;
          &lt;div
            class=&quot;space-y-8 max-w-3xl mx-auto&quot;
          &gt;
            &lt;div
              class=&quot;bg-white rounded-xl shadow-md p-6 border border-neutral-100&quot;
            &gt;
              &lt;div
                class=&quot;flex items-start justify-between mb-4&quot;
              &gt;
                &lt;div&gt;
                  &lt;h3
                    class=&quot;text-lg font-semibold text-neutral-900 mb-1&quot;
                  &gt;
                    Order #
                    1
                  &lt;/h3&gt;
                  &lt;p
                    class=&quot;text-sm text-neutral-600&quot;
                  &gt;
                    Placed on 
                    22/10/2025
                  &lt;/p&gt;
                &lt;/div&gt;
                &lt;div
                  class=&quot;flex items-center space-x-2 px-3 py-2 rounded-full bg-neutral-100&quot;
                &gt;
                  &lt;span
                    class=&quot;text-neutral-600&quot;
                  &gt;
                    &lt;svg
                      class=&quot;lucide lucide-clock w-5 h-5&quot;
                      fill=&quot;none&quot;
                      height=&quot;24&quot;
                      stroke=&quot;currentColor&quot;
                      stroke-linecap=&quot;round&quot;
                      stroke-linejoin=&quot;round&quot;
                      stroke-width=&quot;2&quot;
                      viewBox=&quot;0 0 24 24&quot;
                      width=&quot;24&quot;
                      xmlns=&quot;http://www.w3.org/2000/svg&quot;
                    &gt;
                      &lt;circle
                        cx=&quot;12&quot;
                        cy=&quot;12&quot;
                        r=&quot;10&quot;
                      /&gt;
                      &lt;polyline
                        points=&quot;12 6 12 12 16 14&quot;
                      /&gt;
                    &lt;/svg&gt;
                  &lt;/span&gt;
                  &lt;span
                    class=&quot;text-sm font-medium text-neutral-600&quot;
                  &gt;
                    Order Received
                  &lt;/span&gt;
                &lt;/div&gt;
              &lt;/div&gt;
              &lt;p
                class=&quot;text-neutral-600 mb-4&quot;
              &gt;
                We have received your order and are preparing it
              &lt;/p&gt;
              &lt;div
                class=&quot;space-y-2&quot;
              &gt;
                &lt;h4
                  class=&quot;font-medium text-neutral-900&quot;
                &gt;
                  Order Items
                &lt;/h4&gt;
                &lt;div
                  class=&quot;flex justify-between text-sm&quot;
                &gt;
                  &lt;span
                    class=&quot;text-neutral-600&quot;
                  &gt;
                    2
                    x 
                    Pizza Margherita
                  &lt;/span&gt;
                  &lt;span
                    class=&quot;text-neutral-900&quot;
                  &gt;
                    $
                    25.98
                  &lt;/span&gt;
                &lt;/div&gt;
                &lt;div
                  class=&quot;border-t pt-2 flex justify-between font-semibold&quot;
                &gt;
                  &lt;span&gt;
                    Total
                  &lt;/span&gt;
                  &lt;span
                    class=&quot;text-primary-600&quot;
                  &gt;
                    $
                    31.58
                  &lt;/span&gt;
                &lt;/div&gt;
              &lt;/div&gt;
            &lt;/div&gt;
          &lt;/div&gt;
        &lt;/div&gt;
      &lt;/section&gt;
    &lt;/div&gt;
    &lt;div&gt;
      &lt;section
        class=&quot;py-16 bg-gray-50&quot;
      &gt;
        &lt;div
          class=&quot;max-w-7xl mx-auto px-4 sm:px-6 lg:px-8&quot;
        &gt;
          &lt;div
            class=&quot;text-center mb-12&quot;
          &gt;
            &lt;h2
              class=&quot;text-3xl lg:text-4xl font-serif font-bold text-neutral-900 mb-4&quot;
            &gt;
              Your Orders
            &lt;/h2&gt;
            &lt;p
              class=&quot;text-lg text-neutral-600 max-w-2xl mx-auto&quot;
            &gt;
              Track and review your orders here.
            &lt;/p&gt;
          &lt;/div&gt;
          &lt;div
            class=&quot;space-y-8 max-w-3xl mx-auto&quot;
          &gt;
            &lt;div
              class=&quot;bg-white rounded-xl shadow-md p-6 border border-neutral-100&quot;
            &gt;
              &lt;div
                class=&quot;flex items-start justify-between mb-4&quot;
              &gt;
                &lt;div&gt;
                  &lt;h3
                    class=&quot;text-lg font-semibold text-neutral-900 mb-1&quot;
                  &gt;
                    Order #
                    1
                  &lt;/h3&gt;
                  &lt;p
                    class=&quot;text-sm text-neutral-600&quot;
                  &gt;
                    Placed on 
                    22/10/2025
                  &lt;/p&gt;
                &lt;/div&gt;
                &lt;div
                  class=&quot;flex items-center space-x-2 px-3 py-2 rounded-full bg-primary-100&quot;
                &gt;
                  &lt;span
                    class=&quot;text-primary-600&quot;
                  &gt;
                    &lt;svg
                      class=&quot;lucide lucide-chef-hat w-5 h-5&quot;
                      fill=&quot;none&quot;
                      height=&quot;24&quot;
                      stroke=&quot;currentColor&quot;
                      stroke-linecap=&quot;round&quot;
                      stroke-linejoin=&quot;round&quot;
                      stroke-width=&quot;2&quot;
                      viewBox=&quot;0 0 24 24&quot;
                      width=&quot;24&quot;
                      xmlns=&quot;http://www.w3.org/2000/svg&quot;
                    &gt;
                      &lt;path
                        d=&quot;M6 13.87A4 4 0 0 1 7.41 6a5.11 5.11 0 0 1 1.05-1.54 5 5 0 0 1 7.08 0A5.11 5.11 0 0 1 16.59 6 4 4 0 0 1 18 13.87V21H6Z&quot;
                      /&gt;
                      &lt;line
                        x1=&quot;6&quot;
                        x2=&quot;18&quot;
                        y1=&quot;17&quot;
                        y2=&quot;17&quot;
                      /&gt;
                    &lt;/svg&gt;
                  &lt;/span&gt;
                  &lt;span
                    class=&quot;text-sm font-medium text-primary-600&quot;
                  &gt;
                    Being Prepared
                  &lt;/span&gt;
                &lt;/div&gt;
              &lt;/div&gt;
              &lt;p
                class=&quot;text-neutral-600 mb-4&quot;
              &gt;
                Our chefs are preparing your delicious meal
              &lt;/p&gt;
              &lt;div
                class=&quot;space-y-2&quot;
              &gt;
                &lt;h4
                  class=&quot;font-medium text-neutral-900&quot;
                &gt;
                  Order Items
                &lt;/h4&gt;
                &lt;div
                  class=&quot;flex justify-between text-sm&quot;
                &gt;
                  &lt;span
                    class=&quot;text-neutral-600&quot;
                  &gt;
                    2
                    x 
                    Pizza Margherita
                  &lt;/span&gt;
                  &lt;span
                    class=&quot;text-neutral-900&quot;
                  &gt;
                    $
                    25.98
                  &lt;/span&gt;
                &lt;/div&gt;
                &lt;div
                  class=&quot;border-t pt-2 flex justify-between font-semibold&quot;
                &gt;
                  &lt;span&gt;
                    Total
                  &lt;/span&gt;
                  &lt;span
                    class=&quot;text-primary-600&quot;
                  &gt;
                    $
                    31.58
                  &lt;/span&gt;
                &lt;/div&gt;
              &lt;/div&gt;
            &lt;/div&gt;
          &lt;/div&gt;
        &lt;/div&gt;
      &lt;/section&gt;
    &lt;/div&gt;
  &lt;/body&gt;
&lt;/html&gt;
 ❯ Proxy.waitForWrapper node_modules/@testing-library/dom/dist/wait-for.js:163:27
 ❯ src/components/organisms/__tests__/OrderFlow.test.tsx:274:11
            </failure>
        </testcase>
        <testcase classname="src/components/organisms/__tests__/OrderFlow.test.tsx" name="Order Flow Integration Tests (F105) &gt; should show loading and error states" time="0.0135204">
        </testcase>
    </testsuite>
    <testsuite name="src/components/organisms/__tests__/PaymentManagementPanel.test.tsx" timestamp="2025-10-22T07:54:50.237Z" hostname="DESKTOP-GJG3Q5V" tests="29" failures="0" errors="0" skipped="0" time="1.0666087">
        <testcase classname="src/components/organisms/__tests__/PaymentManagementPanel.test.tsx" name="PaymentManagementPanel (F106) &gt; Rendering &gt; should render panel when isOpen is true" time="0.0138555">
        </testcase>
        <testcase classname="src/components/organisms/__tests__/PaymentManagementPanel.test.tsx" name="PaymentManagementPanel (F106) &gt; Rendering &gt; should not render panel when isOpen is false" time="0.0010391">
        </testcase>
        <testcase classname="src/components/organisms/__tests__/PaymentManagementPanel.test.tsx" name="PaymentManagementPanel (F106) &gt; Rendering &gt; should display loading spinner while fetching data" time="0.0050755">
        </testcase>
        <testcase classname="src/components/organisms/__tests__/PaymentManagementPanel.test.tsx" name="PaymentManagementPanel (F106) &gt; Rendering &gt; should show error message when API fails" time="0.0065298">
        </testcase>
        <testcase classname="src/components/organisms/__tests__/PaymentManagementPanel.test.tsx" name="PaymentManagementPanel (F106) &gt; Rendering &gt; should display all payments in table" time="0.0220513">
        </testcase>
        <testcase classname="src/components/organisms/__tests__/PaymentManagementPanel.test.tsx" name="PaymentManagementPanel (F106) &gt; Statistics &gt; should display total revenue correctly" time="0.0131435">
        </testcase>
        <testcase classname="src/components/organisms/__tests__/PaymentManagementPanel.test.tsx" name="PaymentManagementPanel (F106) &gt; Statistics &gt; should display completed payments amount" time="0.0119872">
        </testcase>
        <testcase classname="src/components/organisms/__tests__/PaymentManagementPanel.test.tsx" name="PaymentManagementPanel (F106) &gt; Statistics &gt; should display pending payments amount" time="0.0114439">
        </testcase>
        <testcase classname="src/components/organisms/__tests__/PaymentManagementPanel.test.tsx" name="PaymentManagementPanel (F106) &gt; Filtering &gt; should filter payments by search term" time="0.1033792">
        </testcase>
        <testcase classname="src/components/organisms/__tests__/PaymentManagementPanel.test.tsx" name="PaymentManagementPanel (F106) &gt; Filtering &gt; should filter payments by transaction ID" time="0.1593789">
        </testcase>
        <testcase classname="src/components/organisms/__tests__/PaymentManagementPanel.test.tsx" name="PaymentManagementPanel (F106) &gt; Filtering &gt; should filter payments by status" time="0.0888677">
        </testcase>
        <testcase classname="src/components/organisms/__tests__/PaymentManagementPanel.test.tsx" name="PaymentManagementPanel (F106) &gt; Filtering &gt; should filter payments by method" time="0.0921233">
        </testcase>
        <testcase classname="src/components/organisms/__tests__/PaymentManagementPanel.test.tsx" name="PaymentManagementPanel (F106) &gt; Filtering &gt; should combine multiple filters" time="0.2035018">
        </testcase>
        <testcase classname="src/components/organisms/__tests__/PaymentManagementPanel.test.tsx" name="PaymentManagementPanel (F106) &gt; Payment Operations &gt; should open payment details on view button click" time="0.046892">
        </testcase>
        <testcase classname="src/components/organisms/__tests__/PaymentManagementPanel.test.tsx" name="PaymentManagementPanel (F106) &gt; Payment Operations &gt; should show refund button only for completed payments" time="0.011303">
        </testcase>
        <testcase classname="src/components/organisms/__tests__/PaymentManagementPanel.test.tsx" name="PaymentManagementPanel (F106) &gt; Payment Operations &gt; should process refund with confirmation" time="0.0512386">
        </testcase>
        <testcase classname="src/components/organisms/__tests__/PaymentManagementPanel.test.tsx" name="PaymentManagementPanel (F106) &gt; Payment Operations &gt; should not process refund if confirmation cancelled" time="0.0444496">
        </testcase>
        <testcase classname="src/components/organisms/__tests__/PaymentManagementPanel.test.tsx" name="PaymentManagementPanel (F106) &gt; Status Badges &gt; should display correct status badge for completed payment" time="0.0109118">
        </testcase>
        <testcase classname="src/components/organisms/__tests__/PaymentManagementPanel.test.tsx" name="PaymentManagementPanel (F106) &gt; Status Badges &gt; should display correct status badge for pending payment" time="0.0123747">
        </testcase>
        <testcase classname="src/components/organisms/__tests__/PaymentManagementPanel.test.tsx" name="PaymentManagementPanel (F106) &gt; Status Badges &gt; should display correct status badge for failed payment" time="0.009513">
        </testcase>
        <testcase classname="src/components/organisms/__tests__/PaymentManagementPanel.test.tsx" name="PaymentManagementPanel (F106) &gt; Accessibility &gt; should have proper ARIA labels" time="0.0090489">
        </testcase>
        <testcase classname="src/components/organisms/__tests__/PaymentManagementPanel.test.tsx" name="PaymentManagementPanel (F106) &gt; Accessibility &gt; should have accessible table structure" time="0.0462556">
        </testcase>
        <testcase classname="src/components/organisms/__tests__/PaymentManagementPanel.test.tsx" name="PaymentManagementPanel (F106) &gt; Accessibility &gt; should have descriptive button labels" time="0.0392068">
        </testcase>
        <testcase classname="src/components/organisms/__tests__/PaymentManagementPanel.test.tsx" name="PaymentManagementPanel (F106) &gt; Edge Cases &gt; should handle empty payment list" time="0.0054744">
        </testcase>
        <testcase classname="src/components/organisms/__tests__/PaymentManagementPanel.test.tsx" name="PaymentManagementPanel (F106) &gt; Edge Cases &gt; should handle very large payment amounts" time="0.0068211">
        </testcase>
        <testcase classname="src/components/organisms/__tests__/PaymentManagementPanel.test.tsx" name="PaymentManagementPanel (F106) &gt; Edge Cases &gt; should handle missing transaction ID" time="0.008692">
        </testcase>
        <testcase classname="src/components/organisms/__tests__/PaymentManagementPanel.test.tsx" name="PaymentManagementPanel (F106) &gt; Currency Formatting &gt; should format USD currency correctly" time="0.009625">
        </testcase>
        <testcase classname="src/components/organisms/__tests__/PaymentManagementPanel.test.tsx" name="PaymentManagementPanel (F106) &gt; Currency Formatting &gt; should format decimal places correctly" time="0.0117238">
        </testcase>
        <testcase classname="src/components/organisms/__tests__/PaymentManagementPanel.test.tsx" name="PaymentManagementPanel (F106) &gt; Date Formatting &gt; should display formatted dates" time="0.0100424">
        </testcase>
    </testsuite>
    <testsuite name="src/components/organisms/__tests__/UserManagementPanel.test.tsx" timestamp="2025-10-22T07:54:50.242Z" hostname="DESKTOP-GJG3Q5V" tests="18" failures="0" errors="0" skipped="0" time="2.5035743">
        <testcase classname="src/components/organisms/__tests__/UserManagementPanel.test.tsx" name="UserManagementPanel (F102) &gt; Rendering &gt; should render panel when isOpen is true" time="0.0273962">
        </testcase>
        <testcase classname="src/components/organisms/__tests__/UserManagementPanel.test.tsx" name="UserManagementPanel (F102) &gt; Rendering &gt; should not render panel when isOpen is false" time="0.0018758">
        </testcase>
        <testcase classname="src/components/organisms/__tests__/UserManagementPanel.test.tsx" name="UserManagementPanel (F102) &gt; Rendering &gt; should display loading spinner while fetching data" time="0.0127289">
        </testcase>
        <testcase classname="src/components/organisms/__tests__/UserManagementPanel.test.tsx" name="UserManagementPanel (F102) &gt; Rendering &gt; should show error message when API fails" time="0.0111315">
        </testcase>
        <testcase classname="src/components/organisms/__tests__/UserManagementPanel.test.tsx" name="UserManagementPanel (F102) &gt; Rendering &gt; should display all users in table" time="0.0242982">
        </testcase>
        <testcase classname="src/components/organisms/__tests__/UserManagementPanel.test.tsx" name="UserManagementPanel (F102) &gt; User Interactions &gt; should filter users by search term" time="0.119698">
        </testcase>
        <testcase classname="src/components/organisms/__tests__/UserManagementPanel.test.tsx" name="UserManagementPanel (F102) &gt; User Interactions &gt; should filter users by role" time="0.0978859">
        </testcase>
        <testcase classname="src/components/organisms/__tests__/UserManagementPanel.test.tsx" name="UserManagementPanel (F102) &gt; User Interactions &gt; should filter users by status" time="0.1029221">
        </testcase>
        <testcase classname="src/components/organisms/__tests__/UserManagementPanel.test.tsx" name="UserManagementPanel (F102) &gt; User Interactions &gt; should open create modal on add button click" time="0.1407327">
            <system-err>
Warning: validateDOMNesting(...): &lt;svg&gt; cannot appear as a child of &lt;option&gt;.
    at svg
    at C:\ASD\le-restaurant\frontend\node_modules\lucide-react\dist\cjs\lucide-react.js:28:7
    at option
    at select
    at div
    at form
    at div
    at div
    at UserFormModal (C:\ASD\le-restaurant\frontend\src\components\organisms\UserFormModal.tsx:11:3)
    at div
    at UserManagementPanel (C:\ASD\le-restaurant\frontend\src\components\organisms\UserManagementPanel.tsx:14:32)

            </system-err>
        </testcase>
        <testcase classname="src/components/organisms/__tests__/UserManagementPanel.test.tsx" name="UserManagementPanel (F102) &gt; User Interactions &gt; should call onClose when close button clicked" time="0.0672521">
        </testcase>
        <testcase classname="src/components/organisms/__tests__/UserManagementPanel.test.tsx" name="UserManagementPanel (F102) &gt; CRUD Operations &gt; should create new user successfully" time="1.2006117">
        </testcase>
        <testcase classname="src/components/organisms/__tests__/UserManagementPanel.test.tsx" name="UserManagementPanel (F102) &gt; CRUD Operations &gt; should update existing user" time="0.514946">
        </testcase>
        <testcase classname="src/components/organisms/__tests__/UserManagementPanel.test.tsx" name="UserManagementPanel (F102) &gt; CRUD Operations &gt; should delete user with confirmation" time="0.0627845">
        </testcase>
        <testcase classname="src/components/organisms/__tests__/UserManagementPanel.test.tsx" name="UserManagementPanel (F102) &gt; CRUD Operations &gt; should not delete user if confirmation cancelled" time="0.0455912">
        </testcase>
        <testcase classname="src/components/organisms/__tests__/UserManagementPanel.test.tsx" name="UserManagementPanel (F102) &gt; Accessibility &gt; should have proper ARIA labels" time="0.0103365">
        </testcase>
        <testcase classname="src/components/organisms/__tests__/UserManagementPanel.test.tsx" name="UserManagementPanel (F102) &gt; Accessibility &gt; should have accessible table structure" time="0.0498927">
        </testcase>
        <testcase classname="src/components/organisms/__tests__/UserManagementPanel.test.tsx" name="UserManagementPanel (F102) &gt; Edge Cases &gt; should handle empty user list" time="0.0052892">
        </testcase>
        <testcase classname="src/components/organisms/__tests__/UserManagementPanel.test.tsx" name="UserManagementPanel (F102) &gt; Edge Cases &gt; should handle very long user names" time="0.0070233">
        </testcase>
    </testsuite>
</testsuites>
