<?xml version="1.0" encoding="UTF-8" ?>
<testsuites name="vitest tests" tests="3" failures="0" errors="0" time="0.7391357">
    <testsuite name="src/components/organisms/__tests__/OrderFlow.test.tsx" timestamp="2025-10-22T08:30:47.602Z" hostname="DESKTOP-GJG3Q5V" tests="3" failures="0" errors="0" skipped="0" time="0.7391357">
        <testcase classname="src/components/organisms/__tests__/OrderFlow.test.tsx" name="Order Flow Integration Tests (F105) &gt; should call the create order API when placing an order" time="0.6759781">
        </testcase>
        <testcase classname="src/components/organisms/__tests__/OrderFlow.test.tsx" name="Order Flow Integration Tests (F105) &gt; should reflect order status changes in history" time="0.0463177">
            <system-out>
Order status: PENDING

Order status: IN_PREPARATION

            </system-out>
        </testcase>
        <testcase classname="src/components/organisms/__tests__/OrderFlow.test.tsx" name="Order Flow Integration Tests (F105) &gt; should show loading and error states" time="0.0150707">
        </testcase>
    </testsuite>
</testsuites>
